<?xml version="1.0" encoding="UTF-8"?>
<testsuite xmlns:xsi="http://www.w3.org/2001/XMLSchema-instance" xsi:noNamespaceSchemaLocation="https://maven.apache.org/surefire/maven-surefire-plugin/xsd/surefire-test-report-3.0.xsd" version="3.0" name="com.mybank.BankTest" time="0.035" tests="3" errors="0" skipped="0" failures="0">
  <properties>
[...]
</properties>
  <testcase name="testWithdraw_NotLoggedIn" classname="com.mybank.BankTest" time="0.017">
    <system-out><![CDATA[Bank::<constructor>
Bank::loadAccounts: Loading accounts from file
Bank::addBankAccount: Adding bank account 1
Bank::addBankAccount: added Account:1 Balance: £658
Bank::addBankAccount: Adding bank account 2
Bank::addBankAccount: added Account:2 Balance: £50
Bank::addBankAccount: Adding bank account 3
Bank::addBankAccount: added Account:3 Balance: £13695
Bank::addBankAccount: Adding bank account 4
Bank::addBankAccount: added Account:4 Balance: £398
Bank::addBankAccount: Adding bank account 69
Bank::addBankAccount: added Account:69 Balance: £0
Bank::addBankAccount: Adding bank account 123456
Bank::addBankAccount: added Account:123456 Balance: £1000
LocalBank::getBalance
]]></system-out>
  </testcase>
  <testcase name="testAddBankAccount_MaxAccountsReached" classname="com.mybank.BankTest" time="0.008">
    <system-out><![CDATA[Bank::<constructor>
Bank::loadAccounts: Loading accounts from file
Bank::addBankAccount: Adding bank account 1
Bank::addBankAccount: added Account:1 Balance: £658
Bank::addBankAccount: Adding bank account 2
Bank::addBankAccount: added Account:2 Balance: £50
Bank::addBankAccount: Adding bank account 3
Bank::addBankAccount: added Account:3 Balance: £13695
Bank::addBankAccount: Adding bank account 4
Bank::addBankAccount: added Account:4 Balance: £398
Bank::addBankAccount: Adding bank account 69
Bank::addBankAccount: added Account:69 Balance: £0
Bank::addBankAccount: Adding bank account 123456
Bank::addBankAccount: added Account:123456 Balance: £1000
Bank::addBankAccount: Adding bank account 0
Bank::addBankAccount: added Account:0 Balance: £1000
Bank::addBankAccount: Adding bank account 1
Bank::addBankAccount: added Account:1 Balance: £1000
Bank::addBankAccount: Adding bank account 2
Bank::addBankAccount: added Account:2 Balance: £1000
Bank::addBankAccount: Adding bank account 3
Bank::addBankAccount: added Account:3 Balance: £1000
Bank::addBankAccount: Adding bank account 4
Bank::addBankAccount: can't add bank account - too many accounts
Bank::addBankAccount: Adding bank account 5
Bank::addBankAccount: can't add bank account - too many accounts
Bank::addBankAccount: Adding bank account 6
Bank::addBankAccount: can't add bank account - too many accounts
Bank::addBankAccount: Adding bank account 7
Bank::addBankAccount: can't add bank account - too many accounts
Bank::addBankAccount: Adding bank account 8
Bank::addBankAccount: can't add bank account - too many accounts
Bank::addBankAccount: Adding bank account 9
Bank::addBankAccount: can't add bank account - too many accounts
Bank::addBankAccount: Adding bank account 999999
Bank::addBankAccount: can't add bank account - too many accounts
]]></system-out>
  </testcase>
  <testcase name="testDeposit_NotLoggedIn" classname="com.mybank.BankTest" time="0.008">
    <system-out><![CDATA[Bank::<constructor>
Bank::loadAccounts: Loading accounts from file
Bank::addBankAccount: Adding bank account 1
Bank::addBankAccount: added Account:1 Balance: £658
Bank::addBankAccount: Adding bank account 2
Bank::addBankAccount: added Account:2 Balance: £50
Bank::addBankAccount: Adding bank account 3
Bank::addBankAccount: added Account:3 Balance: £13695
Bank::addBankAccount: Adding bank account 4
Bank::addBankAccount: added Account:4 Balance: £398
Bank::addBankAccount: Adding bank account 69
Bank::addBankAccount: added Account:69 Balance: £0
Bank::addBankAccount: Adding bank account 123456
Bank::addBankAccount: added Account:123456 Balance: £1000
Bank::addBankAccount: Adding bank account 0
Bank::addBankAccount: added Account:0 Balance: £1000
Bank::addBankAccount: Adding bank account 1
Bank::addBankAccount: added Account:1 Balance: £1000
Bank::addBankAccount: Adding bank account 2
Bank::addBankAccount: added Account:2 Balance: £1000
Bank::addBankAccount: Adding bank account 3
Bank::addBankAccount: added Account:3 Balance: £1000
Bank::addBankAccount: Adding bank account 123456
Bank::addBankAccount: can't add bank account - too many accounts
LocalBank::getBalance
]]></system-out>
  </testcase>
</testsuite>